{"/home/runner/work/github-action-debug-list-files/github-action-debug-list-files/src/main.ts": {"path":"/home/runner/work/github-action-debug-list-files/github-action-debug-list-files/src/main.ts","statementMap":{"0":{"start":{"line":2,"column":0},"end":{"line":2,"column":38}},"1":{"start":{"line":4,"column":0},"end":{"line":4,"column":48}},"2":{"start":{"line":5,"column":0},"end":{"line":5,"column":46}},"3":{"start":{"line":6,"column":0},"end":{"line":6,"column":44}},"4":{"start":{"line":7,"column":0},"end":{"line":7,"column":44}},"5":{"start":{"line":8,"column":0},"end":{"line":8,"column":46}},"6":{"start":{"line":9,"column":0},"end":{"line":9,"column":48}},"7":{"start":{"line":12,"column":2},"end":{"line":40,"column":null}},"8":{"start":{"line":13,"column":38},"end":{"line":13,"column":50}},"9":{"start":{"line":15,"column":4},"end":{"line":15,"column":70}},"10":{"start":{"line":17,"column":17},"end":{"line":17,"column":44}},"11":{"start":{"line":19,"column":21},"end":{"line":19,"column":45}},"12":{"start":{"line":21,"column":21},"end":{"line":21,"column":58}},"13":{"start":{"line":23,"column":4},"end":{"line":23,"column":45}},"14":{"start":{"line":25,"column":4},"end":{"line":25,"column":41}},"15":{"start":{"line":26,"column":4},"end":{"line":26,"column":30}},"16":{"start":{"line":27,"column":4},"end":{"line":27,"column":20}},"17":{"start":{"line":29,"column":4},"end":{"line":29,"column":42}},"18":{"start":{"line":30,"column":4},"end":{"line":30,"column":40}},"19":{"start":{"line":31,"column":4},"end":{"line":31,"column":20}},"20":{"start":{"line":33,"column":4},"end":{"line":33,"column":38}},"21":{"start":{"line":34,"column":4},"end":{"line":34,"column":60}},"22":{"start":{"line":35,"column":4},"end":{"line":35,"column":20}},"23":{"start":{"line":37,"column":4},"end":{"line":37,"column":23}},"24":{"start":{"line":39,"column":4},"end":{"line":39,"column":34}},"25":{"start":{"line":43,"column":0},"end":{"line":43,"column":6}}},"fnMap":{"0":{"name":"run","decl":{"start":{"line":11,"column":15},"end":{"line":11,"column":18}},"loc":{"start":{"line":11,"column":18},"end":{"line":41,"column":null}}}},"branchMap":{"0":{"loc":{"start":{"line":15,"column":38},"end":{"line":15,"column":61}},"type":"cond-expr","locations":[{"start":{"line":15,"column":38},"end":{"line":15,"column":61}},{"start":{"line":15,"column":64},"end":{"line":15,"column":66}}]}},"s":{"0":0,"1":0,"2":0,"3":0,"4":0,"5":0,"6":0,"7":0,"8":0,"9":0,"10":0,"11":0,"12":0,"13":0,"14":0,"15":0,"16":0,"17":0,"18":0,"19":0,"20":0,"21":0,"22":0,"23":0,"24":0,"25":0},"f":{"0":0},"b":{"0":[0,0]}}
,"/home/runner/work/github-action-debug-list-files/github-action-debug-list-files/src/utils/filterList.ts": {"path":"/home/runner/work/github-action-debug-list-files/github-action-debug-list-files/src/utils/filterList.ts","statementMap":{"0":{"start":{"line":1,"column":0},"end":{"line":1,"column":38}},"1":{"start":{"line":11,"column":2},"end":{"line":13,"column":null}},"2":{"start":{"line":12,"column":4},"end":{"line":12,"column":23}},"3":{"start":{"line":15,"column":2},"end":{"line":15,"column":32}},"4":{"start":{"line":17,"column":2},"end":{"line":17,"column":12}},"5":{"start":{"line":10,"column":0},"end":{"line":10,"column":16}}},"fnMap":{"0":{"name":"filterList","decl":{"start":{"line":10,"column":16},"end":{"line":10,"column":26}},"loc":{"start":{"line":10,"column":45},"end":{"line":18,"column":1}}}},"branchMap":{"0":{"loc":{"start":{"line":11,"column":2},"end":{"line":13,"column":null}},"type":"if","locations":[{"start":{"line":11,"column":2},"end":{"line":13,"column":null}},{"start":{"line":11,"column":2},"end":{"line":13,"column":null}}]}},"s":{"0":1,"1":0,"2":0,"3":0,"4":0,"5":1},"f":{"0":0},"b":{"0":[0,0]}}
,"/home/runner/work/github-action-debug-list-files/github-action-debug-list-files/src/utils/findFiles.ts": {"path":"/home/runner/work/github-action-debug-list-files/github-action-debug-list-files/src/utils/findFiles.ts","statementMap":{"0":{"start":{"line":1,"column":0},"end":{"line":1,"column":38}},"1":{"start":{"line":3,"column":0},"end":{"line":3,"column":28}},"2":{"start":{"line":11,"column":2},"end":{"line":13,"column":null}},"3":{"start":{"line":12,"column":4},"end":{"line":12,"column":23}},"4":{"start":{"line":15,"column":2},"end":{"line":15,"column":32}},"5":{"start":{"line":17,"column":2},"end":{"line":17,"column":24}},"6":{"start":{"line":10,"column":0},"end":{"line":10,"column":22}}},"fnMap":{"0":{"name":"findFiles","decl":{"start":{"line":10,"column":22},"end":{"line":10,"column":31}},"loc":{"start":{"line":10,"column":58},"end":{"line":18,"column":null}}}},"branchMap":{"0":{"loc":{"start":{"line":11,"column":2},"end":{"line":13,"column":null}},"type":"if","locations":[{"start":{"line":11,"column":2},"end":{"line":13,"column":null}},{"start":{"line":11,"column":2},"end":{"line":13,"column":null}}]}},"s":{"0":1,"1":1,"2":0,"3":0,"4":0,"5":0,"6":1},"f":{"0":0},"b":{"0":[0,0]}}
,"/home/runner/work/github-action-debug-list-files/github-action-debug-list-files/src/utils/loadList.ts": {"path":"/home/runner/work/github-action-debug-list-files/github-action-debug-list-files/src/utils/loadList.ts","statementMap":{"0":{"start":{"line":1,"column":0},"end":{"line":1,"column":38}},"1":{"start":{"line":3,"column":0},"end":{"line":3,"column":36}},"2":{"start":{"line":4,"column":0},"end":{"line":4,"column":30}},"3":{"start":{"line":5,"column":0},"end":{"line":5,"column":28}},"4":{"start":{"line":7,"column":21},"end":{"line":7,"column":29}},"5":{"start":{"line":18,"column":14},"end":{"line":18,"column":33}},"6":{"start":{"line":20,"column":14},"end":{"line":20,"column":31}},"7":{"start":{"line":22,"column":15},"end":{"line":22,"column":37}},"8":{"start":{"line":24,"column":2},"end":{"line":24,"column":32}},"9":{"start":{"line":26,"column":2},"end":{"line":31,"column":7}},"10":{"start":{"line":27,"column":15},"end":{"line":27,"column":39}},"11":{"start":{"line":29,"column":6},"end":{"line":29,"column":36}},"12":{"start":{"line":30,"column":6},"end":{"line":30,"column":23}},"13":{"start":{"line":14,"column":0},"end":{"line":14,"column":22}}},"fnMap":{"0":{"name":"loadList","decl":{"start":{"line":14,"column":22},"end":{"line":14,"column":30}},"loc":{"start":{"line":17,"column":10},"end":{"line":34,"column":null}}},"1":{"name":"(anonymous_10)","decl":{"start":{"line":27,"column":10},"end":{"line":27,"column":11}},"loc":{"start":{"line":27,"column":15},"end":{"line":27,"column":39}}},"2":{"name":"(anonymous_11)","decl":{"start":{"line":28,"column":11},"end":{"line":28,"column":14}},"loc":{"start":{"line":28,"column":16},"end":{"line":31,"column":5}}}},"branchMap":{"0":{"loc":{"start":{"line":18,"column":14},"end":{"line":18,"column":19}},"type":"cond-expr","locations":[{"start":{"line":18,"column":14},"end":{"line":18,"column":19}},{"start":{"line":18,"column":23},"end":{"line":18,"column":33}}]},"1":{"loc":{"start":{"line":18,"column":14},"end":{"line":18,"column":23}},"type":"binary-expr","locations":[{"start":{"line":18,"column":14},"end":{"line":18,"column":23}},{"start":{"line":18,"column":14},"end":{"line":18,"column":23}}]}},"s":{"0":1,"1":1,"2":1,"3":1,"4":1,"5":0,"6":0,"7":0,"8":0,"9":0,"10":0,"11":0,"12":0,"13":1},"f":{"0":0,"1":0,"2":0},"b":{"0":[0,0],"1":[0,0]}}
,"/home/runner/work/github-action-debug-list-files/github-action-debug-list-files/src/utils/printList.ts": {"path":"/home/runner/work/github-action-debug-list-files/github-action-debug-list-files/src/utils/printList.ts","statementMap":{"0":{"start":{"line":1,"column":0},"end":{"line":1,"column":38}},"1":{"start":{"line":13,"column":2},"end":{"line":15,"column":null}},"2":{"start":{"line":14,"column":4},"end":{"line":14,"column":23}},"3":{"start":{"line":17,"column":2},"end":{"line":17,"column":37}},"4":{"start":{"line":19,"column":2},"end":{"line":19,"column":20}},"5":{"start":{"line":12,"column":0},"end":{"line":12,"column":22}}},"fnMap":{"0":{"name":"printList","decl":{"start":{"line":12,"column":22},"end":{"line":12,"column":31}},"loc":{"start":{"line":12,"column":56},"end":{"line":20,"column":null}}}},"branchMap":{"0":{"loc":{"start":{"line":13,"column":2},"end":{"line":15,"column":null}},"type":"if","locations":[{"start":{"line":13,"column":2},"end":{"line":15,"column":null}},{"start":{"line":13,"column":2},"end":{"line":15,"column":null}}]}},"s":{"0":1,"1":0,"2":0,"3":0,"4":0,"5":1},"f":{"0":0},"b":{"0":[0,0]}}
,"/home/runner/work/github-action-debug-list-files/github-action-debug-list-files/src/utils/readInputs.ts": {"path":"/home/runner/work/github-action-debug-list-files/github-action-debug-list-files/src/utils/readInputs.ts","statementMap":{"0":{"start":{"line":1,"column":0},"end":{"line":1,"column":38}},"1":{"start":{"line":11,"column":2},"end":{"line":11,"column":31}},"2":{"start":{"line":13,"column":15},"end":{"line":13,"column":36}},"3":{"start":{"line":14,"column":17},"end":{"line":14,"column":40}},"4":{"start":{"line":15,"column":18},"end":{"line":15,"column":58}},"5":{"start":{"line":17,"column":25},"end":{"line":21,"column":4}},"6":{"start":{"line":23,"column":2},"end":{"line":23,"column":16}},"7":{"start":{"line":10,"column":0},"end":{"line":10,"column":16}}},"fnMap":{"0":{"name":"readInputs","decl":{"start":{"line":10,"column":16},"end":{"line":10,"column":26}},"loc":{"start":{"line":10,"column":26},"end":{"line":24,"column":1}}}},"branchMap":{},"s":{"0":1,"1":0,"2":0,"3":0,"4":0,"5":0,"6":0,"7":1},"f":{"0":0},"b":{}}
,"/home/runner/work/github-action-debug-list-files/github-action-debug-list-files/src/utils/saveList.ts": {"path":"/home/runner/work/github-action-debug-list-files/github-action-debug-list-files/src/utils/saveList.ts","statementMap":{"0":{"start":{"line":1,"column":0},"end":{"line":1,"column":38}},"1":{"start":{"line":3,"column":0},"end":{"line":3,"column":36}},"2":{"start":{"line":4,"column":0},"end":{"line":4,"column":30}},"3":{"start":{"line":5,"column":0},"end":{"line":5,"column":28}},"4":{"start":{"line":7,"column":29},"end":{"line":7,"column":37}},"5":{"start":{"line":16,"column":14},"end":{"line":16,"column":33}},"6":{"start":{"line":18,"column":14},"end":{"line":18,"column":31}},"7":{"start":{"line":20,"column":2},"end":{"line":20,"column":35}},"8":{"start":{"line":22,"column":21},"end":{"line":22,"column":68}},"9":{"start":{"line":24,"column":15},"end":{"line":24,"column":37}},"10":{"start":{"line":28,"column":15},"end":{"line":28,"column":43}},"11":{"start":{"line":30,"column":2},"end":{"line":30,"column":19}},"12":{"start":{"line":32,"column":2},"end":{"line":32,"column":73}},"13":{"start":{"line":34,"column":2},"end":{"line":34,"column":31}},"14":{"start":{"line":15,"column":0},"end":{"line":15,"column":22}}},"fnMap":{"0":{"name":"saveList","decl":{"start":{"line":15,"column":22},"end":{"line":15,"column":30}},"loc":{"start":{"line":15,"column":61},"end":{"line":35,"column":null}}},"1":{"name":"(anonymous_10)","decl":{"start":{"line":22,"column":59},"end":{"line":22,"column":62}},"loc":{"start":{"line":22,"column":64},"end":{"line":22,"column":67}}}},"branchMap":{"0":{"loc":{"start":{"line":16,"column":14},"end":{"line":16,"column":19}},"type":"cond-expr","locations":[{"start":{"line":16,"column":14},"end":{"line":16,"column":19}},{"start":{"line":16,"column":23},"end":{"line":16,"column":33}}]},"1":{"loc":{"start":{"line":16,"column":14},"end":{"line":16,"column":23}},"type":"binary-expr","locations":[{"start":{"line":16,"column":14},"end":{"line":16,"column":23}},{"start":{"line":16,"column":14},"end":{"line":16,"column":23}}]}},"s":{"0":1,"1":1,"2":1,"3":1,"4":1,"5":0,"6":0,"7":0,"8":0,"9":0,"10":0,"11":0,"12":0,"13":0,"14":1},"f":{"0":0,"1":0},"b":{"0":[0,0],"1":[0,0]}}
,"/home/runner/work/github-action-debug-list-files/github-action-debug-list-files/src/utils/tempDir.ts": {"path":"/home/runner/work/github-action-debug-list-files/github-action-debug-list-files/src/utils/tempDir.ts","statementMap":{"0":{"start":{"line":1,"column":0},"end":{"line":1,"column":38}},"1":{"start":{"line":2,"column":0},"end":{"line":2,"column":28}},"2":{"start":{"line":3,"column":0},"end":{"line":3,"column":28}},"3":{"start":{"line":11,"column":2},"end":{"line":13,"column":null}},"4":{"start":{"line":12,"column":4},"end":{"line":12,"column":23}},"5":{"start":{"line":15,"column":17},"end":{"line":15,"column":24}},"6":{"start":{"line":18,"column":4},"end":{"line":18,"column":27}},"7":{"start":{"line":18,"column":20},"end":{"line":18,"column":27}},"8":{"start":{"line":19,"column":4},"end":{"line":19,"column":32}},"9":{"start":{"line":22,"column":2},"end":{"line":22,"column":36}},"10":{"start":{"line":24,"column":2},"end":{"line":24,"column":15}},"11":{"start":{"line":26,"column":14},"end":{"line":26,"column":58}},"12":{"start":{"line":28,"column":2},"end":{"line":28,"column":29}},"13":{"start":{"line":30,"column":2},"end":{"line":30,"column":13}},"14":{"start":{"line":10,"column":0},"end":{"line":10,"column":16}}},"fnMap":{"0":{"name":"tempDir","decl":{"start":{"line":10,"column":16},"end":{"line":10,"column":23}},"loc":{"start":{"line":10,"column":48},"end":{"line":31,"column":1}}},"1":{"name":"append","decl":{"start":{"line":17,"column":11},"end":{"line":17,"column":17}},"loc":{"start":{"line":17,"column":47},"end":{"line":20,"column":3}}}},"branchMap":{"0":{"loc":{"start":{"line":11,"column":2},"end":{"line":13,"column":null}},"type":"if","locations":[{"start":{"line":11,"column":2},"end":{"line":13,"column":null}},{"start":{"line":11,"column":2},"end":{"line":13,"column":null}}]},"1":{"loc":{"start":{"line":18,"column":4},"end":{"line":18,"column":27}},"type":"if","locations":[{"start":{"line":18,"column":4},"end":{"line":18,"column":27}},{"start":{"line":18,"column":4},"end":{"line":18,"column":27}}]}},"s":{"0":3,"1":3,"2":3,"3":0,"4":0,"5":0,"6":0,"7":0,"8":0,"9":0,"10":0,"11":0,"12":0,"13":0,"14":3},"f":{"0":0,"1":0},"b":{"0":[0,0],"1":[0,0]}}
}
