{"/home/runner/work/github-action-debug-list-files/github-action-debug-list-files/src/main.ts": {"path":"/home/runner/work/github-action-debug-list-files/github-action-debug-list-files/src/main.ts","statementMap":{"0":{"start":{"line":2,"column":0},"end":{"line":2,"column":38}},"1":{"start":{"line":4,"column":0},"end":{"line":4,"column":44}},"2":{"start":{"line":5,"column":0},"end":{"line":5,"column":46}},"3":{"start":{"line":6,"column":0},"end":{"line":6,"column":44}},"4":{"start":{"line":7,"column":0},"end":{"line":7,"column":44}},"5":{"start":{"line":8,"column":0},"end":{"line":8,"column":46}},"6":{"start":{"line":11,"column":2},"end":{"line":39,"column":null}},"7":{"start":{"line":12,"column":52},"end":{"line":12,"column":64}},"8":{"start":{"line":14,"column":4},"end":{"line":14,"column":70}},"9":{"start":{"line":16,"column":4},"end":{"line":16,"column":37}},"10":{"start":{"line":17,"column":17},"end":{"line":17,"column":45}},"11":{"start":{"line":18,"column":4},"end":{"line":18,"column":20}},"12":{"start":{"line":20,"column":4},"end":{"line":20,"column":42}},"13":{"start":{"line":21,"column":21},"end":{"line":21,"column":45}},"14":{"start":{"line":22,"column":4},"end":{"line":22,"column":20}},"15":{"start":{"line":24,"column":4},"end":{"line":24,"column":33}},"16":{"start":{"line":25,"column":4},"end":{"line":25,"column":35}},"17":{"start":{"line":26,"column":4},"end":{"line":26,"column":20}},"18":{"start":{"line":28,"column":4},"end":{"line":28,"column":34}},"19":{"start":{"line":29,"column":4},"end":{"line":29,"column":45}},"20":{"start":{"line":29,"column":19},"end":{"line":29,"column":45}},"21":{"start":{"line":30,"column":4},"end":{"line":30,"column":20}},"22":{"start":{"line":32,"column":4},"end":{"line":32,"column":34}},"23":{"start":{"line":33,"column":4},"end":{"line":33,"column":65}},"24":{"start":{"line":33,"column":19},"end":{"line":33,"column":65}},"25":{"start":{"line":34,"column":4},"end":{"line":34,"column":20}},"26":{"start":{"line":36,"column":4},"end":{"line":36,"column":23}},"27":{"start":{"line":38,"column":4},"end":{"line":38,"column":34}},"28":{"start":{"line":42,"column":0},"end":{"line":42,"column":6}}},"fnMap":{"0":{"name":"run","decl":{"start":{"line":10,"column":15},"end":{"line":10,"column":18}},"loc":{"start":{"line":10,"column":18},"end":{"line":40,"column":null}}}},"branchMap":{"0":{"loc":{"start":{"line":14,"column":38},"end":{"line":14,"column":61}},"type":"cond-expr","locations":[{"start":{"line":14,"column":38},"end":{"line":14,"column":61}},{"start":{"line":14,"column":64},"end":{"line":14,"column":66}}]},"1":{"loc":{"start":{"line":29,"column":4},"end":{"line":29,"column":45}},"type":"if","locations":[{"start":{"line":29,"column":4},"end":{"line":29,"column":45}},{"start":{"line":29,"column":4},"end":{"line":29,"column":45}}]},"2":{"loc":{"start":{"line":33,"column":4},"end":{"line":33,"column":65}},"type":"if","locations":[{"start":{"line":33,"column":4},"end":{"line":33,"column":65}},{"start":{"line":33,"column":4},"end":{"line":33,"column":65}}]}},"s":{"0":0,"1":0,"2":0,"3":0,"4":0,"5":0,"6":0,"7":0,"8":0,"9":0,"10":0,"11":0,"12":0,"13":0,"14":0,"15":0,"16":0,"17":0,"18":0,"19":0,"20":0,"21":0,"22":0,"23":0,"24":0,"25":0,"26":0,"27":0,"28":0},"f":{"0":0},"b":{"0":[0,0],"1":[0,0],"2":[0,0]}}
,"/home/runner/work/github-action-debug-list-files/github-action-debug-list-files/src/utils/inputs.ts": {"path":"/home/runner/work/github-action-debug-list-files/github-action-debug-list-files/src/utils/inputs.ts","statementMap":{"0":{"start":{"line":1,"column":0},"end":{"line":1,"column":38}},"1":{"start":{"line":11,"column":2},"end":{"line":11,"column":31}},"2":{"start":{"line":13,"column":15},"end":{"line":13,"column":36}},"3":{"start":{"line":15,"column":16},"end":{"line":15,"column":34}},"4":{"start":{"line":17,"column":20},"end":{"line":17,"column":68}},"5":{"start":{"line":18,"column":20},"end":{"line":18,"column":66}},"6":{"start":{"line":20,"column":18},"end":{"line":20,"column":58}},"7":{"start":{"line":22,"column":25},"end":{"line":27,"column":4}},"8":{"start":{"line":29,"column":2},"end":{"line":29,"column":16}},"9":{"start":{"line":10,"column":0},"end":{"line":10,"column":16}}},"fnMap":{"0":{"name":"readInputs","decl":{"start":{"line":10,"column":16},"end":{"line":10,"column":26}},"loc":{"start":{"line":10,"column":26},"end":{"line":30,"column":1}}}},"branchMap":{},"s":{"0":1,"1":0,"2":0,"3":0,"4":0,"5":0,"6":0,"7":0,"8":0,"9":1},"f":{"0":0},"b":{}}
,"/home/runner/work/github-action-debug-list-files/github-action-debug-list-files/src/utils/listFiles.ts": {"path":"/home/runner/work/github-action-debug-list-files/github-action-debug-list-files/src/utils/listFiles.ts","statementMap":{"0":{"start":{"line":1,"column":0},"end":{"line":1,"column":38}},"1":{"start":{"line":9,"column":2},"end":{"line":11,"column":null}},"2":{"start":{"line":10,"column":4},"end":{"line":10,"column":23}},"3":{"start":{"line":13,"column":2},"end":{"line":13,"column":32}},"4":{"start":{"line":15,"column":2},"end":{"line":15,"column":12}},"5":{"start":{"line":8,"column":0},"end":{"line":8,"column":22}}},"fnMap":{"0":{"name":"listFiles","decl":{"start":{"line":8,"column":22},"end":{"line":8,"column":31}},"loc":{"start":{"line":8,"column":50},"end":{"line":16,"column":null}}}},"branchMap":{"0":{"loc":{"start":{"line":9,"column":2},"end":{"line":11,"column":null}},"type":"if","locations":[{"start":{"line":9,"column":2},"end":{"line":11,"column":null}},{"start":{"line":9,"column":2},"end":{"line":11,"column":null}}]}},"s":{"0":1,"1":0,"2":0,"3":0,"4":0,"5":1},"f":{"0":0},"b":{"0":[0,0]}}
,"/home/runner/work/github-action-debug-list-files/github-action-debug-list-files/src/utils/loadList.ts": {"path":"/home/runner/work/github-action-debug-list-files/github-action-debug-list-files/src/utils/loadList.ts","statementMap":{"0":{"start":{"line":1,"column":0},"end":{"line":1,"column":38}},"1":{"start":{"line":9,"column":2},"end":{"line":11,"column":null}},"2":{"start":{"line":10,"column":4},"end":{"line":10,"column":23}},"3":{"start":{"line":13,"column":2},"end":{"line":13,"column":35}},"4":{"start":{"line":15,"column":2},"end":{"line":15,"column":12}},"5":{"start":{"line":8,"column":0},"end":{"line":8,"column":22}}},"fnMap":{"0":{"name":"loadList","decl":{"start":{"line":8,"column":22},"end":{"line":8,"column":30}},"loc":{"start":{"line":8,"column":49},"end":{"line":16,"column":null}}}},"branchMap":{"0":{"loc":{"start":{"line":9,"column":2},"end":{"line":11,"column":null}},"type":"if","locations":[{"start":{"line":9,"column":2},"end":{"line":11,"column":null}},{"start":{"line":9,"column":2},"end":{"line":11,"column":null}}]}},"s":{"0":1,"1":0,"2":0,"3":0,"4":0,"5":1},"f":{"0":0},"b":{"0":[0,0]}}
,"/home/runner/work/github-action-debug-list-files/github-action-debug-list-files/src/utils/printList.ts": {"path":"/home/runner/work/github-action-debug-list-files/github-action-debug-list-files/src/utils/printList.ts","statementMap":{"0":{"start":{"line":1,"column":0},"end":{"line":1,"column":38}},"1":{"start":{"line":12,"column":2},"end":{"line":14,"column":null}},"2":{"start":{"line":13,"column":4},"end":{"line":13,"column":23}},"3":{"start":{"line":16,"column":2},"end":{"line":16,"column":37}},"4":{"start":{"line":11,"column":0},"end":{"line":11,"column":22}}},"fnMap":{"0":{"name":"printList","decl":{"start":{"line":11,"column":22},"end":{"line":11,"column":31}},"loc":{"start":{"line":11,"column":50},"end":{"line":17,"column":null}}}},"branchMap":{"0":{"loc":{"start":{"line":12,"column":2},"end":{"line":14,"column":null}},"type":"if","locations":[{"start":{"line":12,"column":2},"end":{"line":14,"column":null}},{"start":{"line":12,"column":2},"end":{"line":14,"column":null}}]}},"s":{"0":1,"1":0,"2":0,"3":0,"4":1},"f":{"0":0},"b":{"0":[0,0]}}
,"/home/runner/work/github-action-debug-list-files/github-action-debug-list-files/src/utils/saveList.ts": {"path":"/home/runner/work/github-action-debug-list-files/github-action-debug-list-files/src/utils/saveList.ts","statementMap":{"0":{"start":{"line":1,"column":0},"end":{"line":1,"column":38}},"1":{"start":{"line":10,"column":2},"end":{"line":12,"column":null}},"2":{"start":{"line":11,"column":4},"end":{"line":11,"column":23}},"3":{"start":{"line":14,"column":2},"end":{"line":14,"column":38}},"4":{"start":{"line":9,"column":0},"end":{"line":9,"column":22}}},"fnMap":{"0":{"name":"saveList","decl":{"start":{"line":9,"column":22},"end":{"line":9,"column":30}},"loc":{"start":{"line":9,"column":49},"end":{"line":15,"column":null}}}},"branchMap":{"0":{"loc":{"start":{"line":10,"column":2},"end":{"line":12,"column":null}},"type":"if","locations":[{"start":{"line":10,"column":2},"end":{"line":12,"column":null}},{"start":{"line":10,"column":2},"end":{"line":12,"column":null}}]}},"s":{"0":1,"1":0,"2":0,"3":0,"4":1},"f":{"0":0},"b":{"0":[0,0]}}
}
