TN:
SF:/home/runner/work/github-action-debug-list-files/github-action-debug-list-files/src/main.ts
FN:10,run
FNF:1
FNH:0
FNDA:0,run
DA:2,0
DA:4,0
DA:5,0
DA:6,0
DA:7,0
DA:8,0
DA:11,0
DA:12,0
DA:14,0
DA:16,0
DA:17,0
DA:18,0
DA:20,0
DA:21,0
DA:22,0
DA:24,0
DA:25,0
DA:26,0
DA:28,0
DA:29,0
DA:30,0
DA:32,0
DA:33,0
DA:34,0
DA:36,0
DA:38,0
DA:42,0
LF:27
LH:0
BRDA:14,0,0,0
BRDA:14,0,1,0
BRDA:29,1,0,0
BRDA:29,1,1,0
BRDA:33,2,0,0
BRDA:33,2,1,0
BRF:6
BRH:0
end_of_record
TN:
SF:/home/runner/work/github-action-debug-list-files/github-action-debug-list-files/src/utils/inputs.ts
FN:11,readInputs
FNF:1
FNH:0
FNDA:0,readInputs
DA:1,1
DA:11,1
DA:12,0
DA:14,0
DA:16,0
DA:18,0
DA:19,0
DA:21,0
DA:23,0
DA:30,0
LF:10
LH:2
BRF:0
BRH:0
end_of_record
TN:
SF:/home/runner/work/github-action-debug-list-files/github-action-debug-list-files/src/utils/listFiles.ts
FN:9,listFiles
FNF:1
FNH:0
FNDA:0,listFiles
DA:1,1
DA:9,1
DA:10,0
DA:11,0
DA:14,0
DA:16,0
LF:6
LH:2
BRDA:10,0,0,0
BRDA:10,0,1,0
BRF:2
BRH:0
end_of_record
TN:
SF:/home/runner/work/github-action-debug-list-files/github-action-debug-list-files/src/utils/loadList.ts
FN:9,loadList
FNF:1
FNH:0
FNDA:0,loadList
DA:1,1
DA:9,1
DA:10,0
DA:11,0
DA:14,0
DA:16,0
LF:6
LH:2
BRDA:10,0,0,0
BRDA:10,0,1,0
BRF:2
BRH:0
end_of_record
TN:
SF:/home/runner/work/github-action-debug-list-files/github-action-debug-list-files/src/utils/printList.ts
FN:12,printList
FNF:1
FNH:0
FNDA:0,printList
DA:1,1
DA:12,1
DA:13,0
DA:14,0
DA:17,0
DA:19,0
LF:6
LH:2
BRDA:13,0,0,0
BRDA:13,0,1,0
BRF:2
BRH:0
end_of_record
TN:
SF:/home/runner/work/github-action-debug-list-files/github-action-debug-list-files/src/utils/saveList.ts
FN:10,saveList
FNF:1
FNH:0
FNDA:0,saveList
DA:1,1
DA:10,1
DA:11,0
DA:12,0
DA:15,0
LF:5
LH:2
BRDA:11,0,0,0
BRDA:11,0,1,0
BRF:2
BRH:0
end_of_record
