TN:
SF:/home/runner/work/github-action-debug-list-files/github-action-debug-list-files/src/main.ts
FN:11,run
FNF:1
FNH:0
FNDA:0,run
DA:2,0
DA:4,0
DA:5,0
DA:6,0
DA:7,0
DA:8,0
DA:9,0
DA:12,0
DA:13,0
DA:15,0
DA:17,0
DA:23,0
DA:24,0
DA:25,0
DA:27,0
DA:29,0
DA:31,0
DA:33,0
DA:35,0
DA:36,0
DA:37,0
DA:40,0
DA:41,0
DA:42,0
DA:43,0
DA:46,0
DA:48,0
DA:52,0
LF:28
LH:0
BRDA:15,0,0,0
BRDA:15,0,1,0
BRDA:33,1,0,0
BRDA:33,1,1,0
BRDA:40,2,0,0
BRDA:40,2,1,0
BRF:6
BRH:0
end_of_record
TN:
SF:/home/runner/work/github-action-debug-list-files/github-action-debug-list-files/src/utils/filterList.ts
FN:10,filterList
FNF:1
FNH:0
FNDA:0,filterList
DA:1,1
DA:10,1
DA:11,0
DA:12,0
DA:15,0
DA:17,0
LF:6
LH:2
BRDA:11,0,0,0
BRDA:11,0,1,0
BRF:2
BRH:0
end_of_record
TN:
SF:/home/runner/work/github-action-debug-list-files/github-action-debug-list-files/src/utils/findFiles.ts
FN:12,findFiles
FNF:1
FNH:0
FNDA:0,findFiles
DA:1,1
DA:3,1
DA:12,1
DA:18,0
DA:19,0
DA:22,0
DA:24,0
LF:7
LH:3
BRDA:18,0,0,0
BRDA:18,0,1,0
BRF:2
BRH:0
end_of_record
TN:
SF:/home/runner/work/github-action-debug-list-files/github-action-debug-list-files/src/utils/loadList.ts
FN:14,loadList
FN:27,(anonymous_10)
FN:28,(anonymous_11)
FNF:3
FNH:0
FNDA:0,loadList
FNDA:0,(anonymous_10)
FNDA:0,(anonymous_11)
DA:1,1
DA:3,1
DA:4,1
DA:5,1
DA:7,1
DA:14,1
DA:18,0
DA:20,0
DA:22,0
DA:24,0
DA:26,0
DA:27,0
DA:29,0
DA:30,0
LF:14
LH:6
BRDA:18,0,0,0
BRDA:18,0,1,0
BRDA:18,1,0,0
BRDA:18,1,1,0
BRF:4
BRH:0
end_of_record
TN:
SF:/home/runner/work/github-action-debug-list-files/github-action-debug-list-files/src/utils/printList.ts
FN:12,printList
FNF:1
FNH:0
FNDA:0,printList
DA:1,1
DA:12,1
DA:13,0
DA:14,0
DA:17,0
DA:19,0
LF:6
LH:2
BRDA:13,0,0,0
BRDA:13,0,1,0
BRF:2
BRH:0
end_of_record
TN:
SF:/home/runner/work/github-action-debug-list-files/github-action-debug-list-files/src/utils/readInputs.ts
FN:11,readInputs
FNF:1
FNH:0
FNDA:0,readInputs
DA:1,1
DA:11,1
DA:12,0
DA:14,0
DA:15,0
DA:16,0
DA:17,0
DA:19,0
DA:26,0
LF:9
LH:2
BRF:0
BRH:0
end_of_record
TN:
SF:/home/runner/work/github-action-debug-list-files/github-action-debug-list-files/src/utils/saveList.ts
FN:15,saveList
FN:22,(anonymous_10)
FNF:2
FNH:0
FNDA:0,saveList
FNDA:0,(anonymous_10)
DA:1,1
DA:3,1
DA:4,1
DA:5,1
DA:7,1
DA:15,1
DA:16,0
DA:18,0
DA:20,0
DA:22,0
DA:24,0
DA:28,0
DA:30,0
DA:32,0
DA:34,0
LF:15
LH:6
BRDA:16,0,0,0
BRDA:16,0,1,0
BRDA:16,1,0,0
BRDA:16,1,1,0
BRF:4
BRH:0
end_of_record
TN:
SF:/home/runner/work/github-action-debug-list-files/github-action-debug-list-files/src/utils/tempDir.ts
FN:10,tempDir
FN:17,append
FNF:2
FNH:0
FNDA:0,tempDir
FNDA:0,append
DA:1,3
DA:2,3
DA:3,3
DA:10,3
DA:11,0
DA:12,0
DA:15,0
DA:18,0
DA:19,0
DA:22,0
DA:24,0
DA:26,0
DA:28,0
DA:30,0
LF:14
LH:4
BRDA:11,0,0,0
BRDA:11,0,1,0
BRDA:18,1,0,0
BRDA:18,1,1,0
BRF:4
BRH:0
end_of_record
